<?xml version="1.0" encoding="UTF-8"?>
<!-- Generated by org.testng.reporters.JUnitReportReporter -->
<testsuite hostname="DESKTOP-MVC5RA3" failures="0" tests="1" name="com.qa.dataDrivenTesting.DataDrvnFromExcel" time="0.000" errors="0" timestamp="2022-07-07T22:43:15 IST" skipped="1">
  <testcase classname="com.qa.dataDrivenTesting.DataDrvnFromExcel" name="loginTest" time="0.000">
    <skipped/>
  </testcase> <!-- loginTest -->
  <system-out/>
</testsuite> <!-- com.qa.dataDrivenTesting.DataDrvnFromExcel -->
