<?xml version="1.0" encoding="UTF-8"?>
<!-- Generated by org.testng.reporters.JUnitReportReporter -->
<testsuite hostname="DESKTOP-MVC5RA3" failures="0" tests="4" name="com.qa.dataDrivenTesting.DataDrivenTest" time="10.039" errors="0" timestamp="2022-07-07T00:37:46 IST" skipped="0">
  <testcase classname="com.qa.dataDrivenTesting.DataDrivenTest" name="loginTest" time="1.422"/>
  <system-out/>
  <testcase classname="com.qa.dataDrivenTesting.DataDrivenTest" name="loginTest" time="1.126"/>
  <system-out/>
  <testcase classname="com.qa.dataDrivenTesting.DataDrivenTest" name="loginTest" time="6.369"/>
  <system-out/>
  <testcase classname="com.qa.dataDrivenTesting.DataDrivenTest" name="loginTest" time="1.122"/>
  <system-out/>
</testsuite> <!-- com.qa.dataDrivenTesting.DataDrivenTest -->
